TN:
SF:src\components\Button\index.tsx
FN:9,Button
FNF:1
FNH:1
FNDA:9,Button
DA:10,9
LF:1
LH:1
BRF:0
BRH:0
end_of_record
TN:
SF:src\components\Input\index.tsx
FN:8,Input
FNF:1
FNH:1
FNDA:5,Input
DA:9,5
LF:1
LH:1
BRDA:16,0,0,5
BRDA:16,0,1,0
BRF:2
BRH:1
end_of_record
TN:
SF:src\components\List\index.tsx
FN:5,List
FN:8,handleRemoveTask
FN:12,(anonymous_2)
FN:16,(anonymous_3)
FN:24,(anonymous_4)
FN:26,(anonymous_5)
FN:33,(anonymous_6)
FNF:7
FNH:1
FNDA:4,List
FNDA:0,handleRemoveTask
FNDA:0,(anonymous_2)
FNDA:0,(anonymous_3)
FNDA:0,(anonymous_4)
FNDA:0,(anonymous_5)
FNDA:0,(anonymous_6)
DA:6,4
DA:9,0
DA:16,0
DA:21,4
DA:26,0
DA:33,0
LF:6
LH:2
BRF:0
BRH:0
end_of_record
TN:
SF:src\context\TasksContext.tsx
FN:26,(anonymous_0)
FN:29,(anonymous_1)
FN:33,loadTasks
FN:41,addTask
FN:51,removeTask
FN:52,(anonymous_5)
FN:57,removeAllTask
FNF:7
FNH:6
FNDA:9,(anonymous_0)
FNDA:5,(anonymous_1)
FNDA:5,loadTasks
FNDA:2,addTask
FNDA:1,removeTask
FNDA:1,(anonymous_5)
FNDA:0,removeAllTask
DA:20,3
DA:22,3
DA:26,3
DA:27,9
DA:29,9
DA:30,5
DA:34,5
DA:36,5
DA:37,1
DA:42,2
DA:43,2
DA:44,2
DA:45,2
DA:47,0
DA:52,1
DA:53,1
DA:54,1
DA:58,0
DA:59,0
DA:62,9
LF:20
LH:17
BRDA:36,0,0,1
BRDA:36,0,1,4
BRF:2
BRH:2
end_of_record
TN:
SF:src\screens\Home\index.tsx
FN:10,Home
FN:14,handleAddNewTask
FN:24,handleRemoveAll
FN:29,(anonymous_3)
FN:33,(anonymous_4)
FNF:5
FNH:1
FNDA:3,Home
FNDA:0,handleAddNewTask
FNDA:0,handleRemoveAll
FNDA:0,(anonymous_3)
FNDA:0,(anonymous_4)
DA:11,3
DA:12,3
DA:15,0
DA:20,0
DA:21,0
DA:25,0
DA:26,0
DA:33,0
DA:38,3
LF:9
LH:3
BRDA:17,0,0,0
BRDA:17,0,1,0
BRF:2
BRH:0
end_of_record
